2024-02-08 20:50:58.911 [info] Extension host with pid 700932 started
2024-02-08 20:50:58.992 [info] ExtensionService#_doActivateExtension vscode.git-base, startup: true, activationEvent: '*', root cause: vscode.git
2024-02-08 20:50:59.038 [info] ExtensionService#_doActivateExtension vscode.git, startup: true, activationEvent: '*'
2024-02-08 20:50:59.091 [info] ExtensionService#_doActivateExtension vscode.github, startup: true, activationEvent: '*'
2024-02-08 20:50:59.163 [info] Eager extensions activated
2024-02-08 20:50:59.180 [info] ExtensionService#_doActivateExtension vscode.debug-auto-launch, startup: false, activationEvent: 'onStartupFinished'
2024-02-08 20:50:59.182 [info] ExtensionService#_doActivateExtension vscode.merge-conflict, startup: false, activationEvent: 'onStartupFinished'
2024-02-08 20:51:06.678 [info] Extension host terminating: renderer closed the MessagePort
2024-02-08 20:51:06.687 [info] Extension host with pid 700932 exiting with code 0
2024-02-08 20:51:07.370 [info] Extension host with pid 701075 started
2024-02-08 20:51:07.370 [info] Skipping acquiring lock for /home/mottinha/dev/pessoal/seeliefy/~/.vscode-root/User/workspaceStorage/dde4194af116e9151f9606d23c8ea965.
2024-02-08 20:51:07.396 [info] ExtensionService#_doActivateExtension vscode.git-base, startup: true, activationEvent: '*'
2024-02-08 20:51:07.400 [info] ExtensionService#_doActivateExtension vscode.npm, startup: true, activationEvent: 'workspaceContains:package.json'
2024-02-08 20:51:07.439 [info] ExtensionService#_doActivateExtension vscode.github, startup: true, activationEvent: '*'
2024-02-08 20:51:07.476 [info] Eager extensions activated
2024-02-08 20:51:07.488 [info] ExtensionService#_doActivateExtension vscode.debug-auto-launch, startup: false, activationEvent: 'onStartupFinished'
2024-02-08 20:51:07.490 [info] ExtensionService#_doActivateExtension vscode.merge-conflict, startup: false, activationEvent: 'onStartupFinished'
2024-02-08 20:51:10.445 [info] ExtensionService#_doActivateExtension vscode.git, startup: false, activationEvent: 'api', root cause: vscode.github
2024-02-08 20:51:13.946 [info] Extension host terminating: renderer closed the MessagePort
2024-02-08 20:51:13.955 [info] Extension host with pid 701075 exiting with code 0
